TN:
SF:src/index.ts
FN:45,(anonymous_1)
FN:50,(anonymous_2)
FN:75,(anonymous_3)
FNF:3
FNH:0
FNDA:0,(anonymous_1)
FNDA:0,(anonymous_2)
FNDA:0,(anonymous_3)
DA:1,1
DA:2,1
DA:3,1
DA:4,1
DA:5,1
DA:8,1
DA:9,1
DA:10,1
DA:11,1
DA:12,1
DA:13,1
DA:14,1
DA:17,1
DA:18,1
DA:19,1
DA:22,1
DA:25,1
DA:28,1
DA:29,1
DA:32,1
DA:35,1
DA:36,1
DA:37,1
DA:38,1
DA:39,1
DA:40,1
DA:41,1
DA:42,1
DA:45,1
DA:46,0
DA:50,1
DA:51,0
DA:52,0
DA:53,0
DA:56,0
DA:57,0
DA:59,0
DA:60,0
DA:65,1
DA:68,1
DA:71,1
DA:72,0
DA:73,0
DA:75,0
DA:76,0
DA:79,0
DA:82,0
DA:86,1
LF:48
LH:34
BRDA:52,0,0,0
BRDA:71,1,0,0
BRDA:71,2,0,1
BRDA:71,2,1,0
BRDA:72,3,0,0
BRDA:72,3,1,0
BRF:6
BRH:1
end_of_record
TN:
SF:src/config/swagger.ts
FN:50,(anonymous_1)
FN:55,(anonymous_2)
FNF:2
FNH:0
FNDA:0,(anonymous_1)
FNDA:0,(anonymous_2)
DA:1,1
DA:2,1
DA:5,1
DA:47,1
DA:50,1
DA:52,0
DA:55,0
DA:56,0
DA:57,0
DA:60,0
DA:63,1
LF:11
LH:6
BRF:0
BRH:0
end_of_record
TN:
SF:src/controllers/authController.ts
FN:9,(anonymous_1)
FN:84,(anonymous_2)
FN:155,(anonymous_3)
FNF:3
FNH:3
FNDA:3,(anonymous_1)
FNDA:4,(anonymous_2)
FNDA:3,(anonymous_3)
DA:2,2
DA:3,2
DA:9,2
DA:10,3
DA:11,3
DA:14,3
DA:15,3
DA:16,1
DA:20,1
DA:25,2
DA:27,1
DA:30,1
DA:31,1
DA:40,1
DA:44,1
DA:48,1
DA:57,1
DA:59,1
DA:74,0
DA:84,2
DA:85,4
DA:86,4
DA:89,4
DA:90,1
DA:94,1
DA:98,3
DA:99,3
DA:100,1
DA:104,1
DA:108,2
DA:109,2
DA:110,1
DA:114,1
DA:118,1
DA:119,1
DA:120,0
DA:124,0
DA:128,1
DA:130,1
DA:145,0
DA:155,2
DA:156,3
DA:158,3
DA:160,3
DA:161,1
DA:165,1
DA:169,2
DA:170,2
DA:171,1
DA:175,1
DA:178,1
DA:192,0
LF:52
LH:47
BRDA:15,0,0,1
BRDA:25,1,0,1
BRDA:25,1,1,1
BRDA:30,2,0,1
BRDA:33,3,0,1
BRDA:33,3,1,0
BRDA:34,4,0,1
BRDA:34,4,1,0
BRDA:35,5,0,1
BRDA:35,5,1,0
BRDA:36,6,0,1
BRDA:36,6,1,0
BRDA:52,7,0,1
BRDA:52,7,1,0
BRDA:89,8,0,1
BRDA:89,9,0,4
BRDA:89,9,1,3
BRDA:99,10,0,1
BRDA:109,11,0,1
BRDA:119,12,0,0
BRDA:160,13,0,1
BRDA:170,14,0,1
BRF:22
BRH:16
end_of_record
TN:
SF:src/controllers/churchController.ts
FN:7,(anonymous_1)
FN:26,(anonymous_2)
FN:45,(anonymous_3)
FN:72,(anonymous_4)
FN:102,(anonymous_5)
FNF:5
FNH:5
FNDA:2,(anonymous_1)
FNDA:2,(anonymous_2)
FNDA:3,(anonymous_3)
FNDA:3,(anonymous_4)
FNDA:3,(anonymous_5)
DA:2,2
DA:7,2
DA:8,2
DA:9,2
DA:10,1
DA:16,1
DA:26,2
DA:27,2
DA:28,2
DA:30,1
DA:35,1
DA:45,2
DA:46,3
DA:47,3
DA:49,2
DA:50,1
DA:54,1
DA:57,1
DA:62,1
DA:72,2
DA:73,3
DA:74,3
DA:79,2
DA:80,1
DA:84,1
DA:87,1
DA:92,1
DA:102,2
DA:103,3
DA:104,3
DA:106,2
DA:107,1
DA:111,1
DA:114,1
DA:119,1
LF:35
LH:35
BRDA:49,0,0,1
BRDA:79,1,0,1
BRDA:106,2,0,1
BRF:3
BRH:3
end_of_record
TN:
SF:src/controllers/eventController.ts
FN:8,(anonymous_1)
FN:46,(anonymous_2)
FN:84,(anonymous_3)
FN:115,(anonymous_4)
FN:163,(anonymous_5)
FNF:5
FNH:5
FNDA:3,(anonymous_1)
FNDA:4,(anonymous_2)
FNDA:2,(anonymous_3)
FNDA:4,(anonymous_4)
FNDA:4,(anonymous_5)
DA:2,2
DA:8,2
DA:9,3
DA:11,3
DA:14,3
DA:17,3
DA:20,3
DA:21,1
DA:22,1
DA:26,3
DA:30,2
DA:36,1
DA:46,2
DA:47,4
DA:48,4
DA:52,3
DA:53,1
DA:57,1
DA:61,2
DA:62,1
DA:66,1
DA:69,1
DA:74,1
DA:84,2
DA:85,2
DA:87,2
DA:90,2
DA:93,2
DA:96,1
DA:100,1
DA:105,1
DA:115,2
DA:116,4
DA:117,4
DA:119,4
DA:120,1
DA:124,1
DA:128,3
DA:129,1
DA:133,1
DA:137,2
DA:138,2
DA:141,2
DA:148,1
DA:153,1
DA:163,2
DA:164,4
DA:165,4
DA:167,3
DA:168,1
DA:172,1
DA:176,2
DA:177,1
DA:181,1
DA:184,1
DA:186,1
DA:191,1
LF:57
LH:57
BRDA:20,0,0,1
BRDA:20,1,0,3
BRDA:20,1,1,1
BRDA:52,2,0,1
BRDA:61,3,0,1
BRDA:119,4,0,1
BRDA:128,5,0,1
BRDA:167,6,0,1
BRDA:176,7,0,1
BRF:9
BRH:9
end_of_record
TN:
SF:src/controllers/eventTypeController.ts
FN:8,(anonymous_1)
FN:31,(anonymous_2)
FN:67,(anonymous_3)
FN:80,(anonymous_4)
FN:98,(anonymous_5)
FN:133,(anonymous_6)
FN:151,(anonymous_7)
FNF:7
FNH:7
FNDA:2,(anonymous_1)
FNDA:4,(anonymous_2)
FNDA:3,(anonymous_3)
FNDA:2,(anonymous_4)
FNDA:5,(anonymous_5)
FNDA:1,(anonymous_6)
FNDA:4,(anonymous_7)
DA:2,2
DA:8,2
DA:9,2
DA:11,2
DA:13,2
DA:15,1
DA:21,1
DA:31,2
DA:32,4
DA:33,4
DA:35,3
DA:36,1
DA:40,1
DA:44,2
DA:45,1
DA:49,1
DA:52,1
DA:57,1
DA:67,2
DA:68,3
DA:70,3
DA:72,3
DA:74,1
DA:79,2
DA:80,2
DA:81,1
DA:85,1
DA:87,1
DA:98,2
DA:99,5
DA:100,5
DA:102,5
DA:103,1
DA:107,1
DA:111,4
DA:112,1
DA:116,1
DA:120,3
DA:122,3
DA:127,1
DA:132,2
DA:133,1
DA:134,1
DA:138,1
DA:140,1
DA:151,2
DA:152,4
DA:153,4
DA:155,3
DA:156,1
DA:160,1
DA:164,2
DA:165,1
DA:169,1
DA:172,1
DA:174,1
DA:179,1
LF:57
LH:57
BRDA:35,0,0,1
BRDA:44,1,0,1
BRDA:79,2,0,1
BRDA:79,2,1,1
BRDA:102,3,0,1
BRDA:111,4,0,1
BRDA:132,5,0,1
BRDA:132,5,1,1
BRDA:155,6,0,1
BRDA:164,7,0,1
BRF:10
BRH:10
end_of_record
TN:
SF:src/controllers/serviceController.ts
FN:9,(anonymous_1)
FN:52,(anonymous_2)
FN:90,(anonymous_3)
FN:142,(anonymous_4)
FN:207,(anonymous_5)
FNF:5
FNH:5
FNDA:5,(anonymous_1)
FNDA:4,(anonymous_2)
FNDA:5,(anonymous_3)
FNDA:7,(anonymous_4)
FNDA:4,(anonymous_5)
DA:2,2
DA:3,2
DA:9,2
DA:10,5
DA:12,5
DA:15,5
DA:20,5
DA:21,1
DA:25,4
DA:26,1
DA:27,3
DA:28,1
DA:31,5
DA:36,4
DA:42,1
DA:52,2
DA:53,4
DA:54,4
DA:58,3
DA:59,1
DA:63,1
DA:67,2
DA:68,1
DA:72,1
DA:75,1
DA:80,1
DA:90,2
DA:91,5
DA:93,5
DA:96,5
DA:99,5
DA:100,3
DA:102,3
DA:103,1
DA:107,1
DA:111,2
DA:112,1
DA:116,1
DA:120,3
DA:123,2
DA:127,2
DA:132,1
DA:142,2
DA:143,7
DA:144,7
DA:146,7
DA:147,1
DA:151,1
DA:155,6
DA:156,1
DA:160,1
DA:164,5
DA:165,3
DA:167,3
DA:168,1
DA:172,1
DA:176,2
DA:177,1
DA:181,1
DA:185,3
DA:192,2
DA:197,1
DA:207,2
DA:208,4
DA:209,4
DA:211,3
DA:212,1
DA:216,1
DA:220,2
DA:221,1
DA:225,1
DA:228,1
DA:230,1
DA:235,1
LF:74
LH:74
BRDA:20,0,0,1
BRDA:20,0,1,4
BRDA:20,1,0,5
BRDA:20,1,1,2
BRDA:25,2,0,1
BRDA:25,2,1,3
BRDA:27,3,0,1
BRDA:58,4,0,1
BRDA:67,5,0,1
BRDA:99,6,0,3
BRDA:102,7,0,1
BRDA:111,8,0,1
BRDA:146,9,0,1
BRDA:155,10,0,1
BRDA:164,11,0,3
BRDA:167,12,0,1
BRDA:176,13,0,1
BRDA:211,14,0,1
BRDA:220,15,0,1
BRF:19
BRH:19
end_of_record
TN:
SF:src/controllers/teamController.ts
FN:8,(anonymous_1)
FN:32,(anonymous_2)
FN:69,(anonymous_3)
FN:96,(anonymous_4)
FN:137,(anonymous_5)
FNF:5
FNH:5
FNDA:2,(anonymous_1)
FNDA:4,(anonymous_2)
FNDA:3,(anonymous_3)
FNDA:4,(anonymous_4)
FNDA:4,(anonymous_5)
DA:2,2
DA:8,2
DA:9,2
DA:11,2
DA:13,2
DA:16,1
DA:22,1
DA:32,2
DA:33,4
DA:34,4
DA:37,3
DA:38,1
DA:42,1
DA:46,2
DA:47,1
DA:51,1
DA:54,1
DA:59,1
DA:69,2
DA:70,3
DA:72,3
DA:75,3
DA:76,2
DA:79,3
DA:81,2
DA:86,1
DA:96,2
DA:97,4
DA:98,4
DA:100,4
DA:101,1
DA:105,1
DA:109,3
DA:110,1
DA:114,1
DA:117,2
DA:122,1
DA:127,1
DA:137,2
DA:138,4
DA:139,4
DA:141,3
DA:142,1
DA:146,1
DA:150,2
DA:151,1
DA:155,1
DA:158,1
DA:160,1
DA:165,1
LF:50
LH:50
BRDA:37,0,0,1
BRDA:46,1,0,1
BRDA:75,2,0,2
BRDA:100,3,0,1
BRDA:109,4,0,1
BRDA:141,5,0,1
BRDA:150,6,0,1
BRF:7
BRH:7
end_of_record
TN:
SF:src/controllers/teamMemberController.ts
FN:9,(anonymous_1)
FN:52,(anonymous_2)
FN:101,(anonymous_3)
FN:155,(anonymous_4)
FN:172,(anonymous_5)
FN:221,(anonymous_6)
FN:238,(anonymous_7)
FNF:7
FNH:0
FNDA:0,(anonymous_1)
FNDA:0,(anonymous_2)
FNDA:0,(anonymous_3)
FNDA:0,(anonymous_4)
FNDA:0,(anonymous_5)
FNDA:0,(anonymous_6)
FNDA:0,(anonymous_7)
DA:2,1
DA:3,1
DA:9,1
DA:10,0
DA:11,0
DA:14,0
DA:16,0
DA:17,0
DA:21,0
DA:25,0
DA:26,0
DA:30,0
DA:33,0
DA:36,0
DA:42,0
DA:52,1
DA:53,0
DA:54,0
DA:58,0
DA:59,0
DA:63,0
DA:67,0
DA:69,0
DA:70,0
DA:74,0
DA:78,0
DA:79,0
DA:83,0
DA:86,0
DA:91,0
DA:101,1
DA:102,0
DA:103,0
DA:106,0
DA:108,0
DA:109,0
DA:113,0
DA:117,0
DA:118,0
DA:122,0
DA:126,0
DA:129,0
DA:134,0
DA:135,0
DA:139,0
DA:142,0
DA:145,0
DA:149,0
DA:154,0
DA:155,0
DA:156,0
DA:161,0
DA:172,1
DA:173,0
DA:174,0
DA:176,0
DA:177,0
DA:181,0
DA:185,0
DA:187,0
DA:188,0
DA:192,0
DA:196,0
DA:197,0
DA:201,0
DA:205,0
DA:206,0
DA:208,0
DA:215,0
DA:220,0
DA:221,0
DA:222,0
DA:227,0
DA:238,1
DA:239,0
DA:240,0
DA:242,0
DA:243,0
DA:247,0
DA:251,0
DA:253,0
DA:254,0
DA:258,0
DA:262,0
DA:263,0
DA:267,0
DA:270,0
DA:272,0
DA:277,0
LF:89
LH:7
BRDA:16,0,0,0
BRDA:25,1,0,0
BRDA:58,2,0,0
BRDA:69,3,0,0
BRDA:78,4,0,0
BRDA:108,5,0,0
BRDA:117,6,0,0
BRDA:134,7,0,0
BRDA:154,8,0,0
BRDA:154,8,1,0
BRDA:176,9,0,0
BRDA:187,10,0,0
BRDA:196,11,0,0
BRDA:220,12,0,0
BRDA:220,12,1,0
BRDA:242,13,0,0
BRDA:253,14,0,0
BRDA:262,15,0,0
BRF:18
BRH:0
end_of_record
TN:
SF:src/middleware/auth.ts
FN:22,(anonymous_1)
FN:61,(anonymous_2)
FN:62,(anonymous_3)
FNF:3
FNH:3
FNDA:5,(anonymous_1)
FNDA:7,(anonymous_2)
FNDA:4,(anonymous_3)
DA:2,2
DA:3,2
DA:22,2
DA:26,5
DA:28,3
DA:36,5
DA:37,2
DA:41,2
DA:44,3
DA:46,3
DA:49,2
DA:51,2
DA:53,1
DA:61,2
DA:62,7
DA:63,4
DA:64,1
DA:68,1
DA:71,3
DA:72,1
DA:76,1
DA:79,2
LF:22
LH:22
BRDA:26,0,0,3
BRDA:26,1,0,5
BRDA:26,1,1,4
BRDA:36,2,0,2
BRDA:63,3,0,1
BRDA:71,4,0,1
BRF:6
BRH:6
end_of_record
TN:
SF:src/models/Church.ts
FNF:0
FNH:0
DA:1,1
DA:15,1
DA:58,1
LF:3
LH:3
BRF:0
BRH:0
end_of_record
TN:
SF:src/models/Event.ts
FNF:0
FNH:0
DA:1,1
DA:16,1
DA:65,1
DA:66,1
DA:68,1
LF:5
LH:5
BRF:0
BRH:0
end_of_record
TN:
SF:src/models/EventType.ts
FNF:0
FNH:0
DA:1,1
DA:11,1
DA:39,1
LF:3
LH:3
BRF:0
BRH:0
end_of_record
TN:
SF:src/models/Service.ts
FNF:0
FNH:0
DA:1,1
DA:21,1
DA:52,1
DA:89,1
DA:90,1
DA:92,1
LF:6
LH:6
BRF:0
BRH:0
end_of_record
TN:
SF:src/models/Team.ts
FNF:0
FNH:0
DA:1,1
DA:11,1
DA:38,1
LF:3
LH:3
BRF:0
BRH:0
end_of_record
TN:
SF:src/models/TeamMember.ts
FNF:0
FNH:0
DA:1,1
DA:11,1
DA:40,1
DA:42,1
LF:4
LH:4
BRF:0
BRH:0
end_of_record
TN:
SF:src/models/User.ts
FN:53,(anonymous_1)
FN:65,(anonymous_2)
FN:74,(anonymous_3)
FNF:3
FNH:2
FNDA:0,(anonymous_1)
FNDA:2,(anonymous_2)
FNDA:2,(anonymous_3)
DA:1,2
DA:2,2
DA:3,2
DA:16,2
DA:53,2
DA:54,0
DA:55,0
DA:56,0
DA:59,0
DA:60,0
DA:61,0
DA:65,2
DA:68,2
DA:74,2
DA:75,2
DA:78,2
LF:16
LH:10
BRDA:54,0,0,0
BRDA:68,1,0,2
BRDA:68,1,1,2
BRDA:69,2,0,2
BRDA:69,2,1,2
BRF:5
BRH:4
end_of_record
TN:
SF:src/routes/authRoutes.ts
FNF:0
FNH:0
DA:1,1
DA:2,1
DA:3,1
DA:5,1
DA:132,1
DA:159,1
DA:192,1
DA:194,1
LF:8
LH:8
BRF:0
BRH:0
end_of_record
TN:
SF:src/routes/churchRoutes.ts
FNF:0
FNH:0
DA:1,1
DA:2,1
DA:9,1
DA:11,1
DA:140,1
DA:254,1
DA:259,1
LF:7
LH:7
BRF:0
BRH:0
end_of_record
TN:
SF:src/routes/eventRoutes.ts
FNF:0
FNH:0
DA:1,1
DA:2,1
DA:9,1
DA:11,1
DA:83,1
DA:161,1
DA:273,1
DA:278,1
LF:8
LH:8
BRF:0
BRH:0
end_of_record
TN:
SF:src/routes/eventTypeRoutes.ts
FNF:0
FNH:0
DA:1,1
DA:2,1
DA:9,1
DA:11,1
DA:64,1
DA:142,1
DA:270,1
DA:275,1
LF:8
LH:8
BRF:0
BRH:0
end_of_record
TN:
SF:src/routes/serviceRoutes.ts
FNF:0
FNH:0
DA:1,1
DA:2,1
DA:9,1
DA:11,1
DA:123,1
DA:246,1
DA:404,1
DA:409,1
LF:8
LH:8
BRF:0
BRH:0
end_of_record
TN:
SF:src/routes/teamMemberRoutes.ts
FNF:0
FNH:0
DA:1,1
DA:2,1
DA:9,1
DA:11,1
DA:62,1
DA:159,1
DA:297,1
DA:302,1
LF:8
LH:8
BRF:0
BRH:0
end_of_record
TN:
SF:src/routes/teamRoutes.ts
FNF:0
FNH:0
DA:1,1
DA:2,1
DA:9,1
DA:11,1
DA:59,1
DA:135,1
DA:262,1
DA:267,1
LF:8
LH:8
BRF:0
BRH:0
end_of_record
TN:
SF:src/utils/errorHandler.ts
FN:25,(anonymous_9)
FN:37,(anonymous_10)
FN:68,(anonymous_11)
FN:69,(anonymous_12)
FN:83,(anonymous_13)
FNF:5
FNH:3
FNDA:6,(anonymous_9)
FNDA:8,(anonymous_10)
FNDA:1,(anonymous_11)
FNDA:0,(anonymous_12)
FNDA:0,(anonymous_13)
DA:2,2
DA:3,2
DA:6,2
DA:7,0
DA:12,0
DA:14,2
DA:25,2
DA:30,6
DA:31,6
DA:32,6
DA:33,6
DA:37,2
DA:44,8
DA:45,3
DA:47,5
DA:50,5
DA:51,5
DA:56,8
DA:57,8
DA:60,8
DA:68,2
DA:69,1
DA:70,0
DA:73,0
DA:74,0
DA:78,0
DA:79,0
DA:83,1
DA:84,0
DA:87,0
DA:88,0
DA:92,0
DA:93,0
DA:94,0
LF:34
LH:21
BRDA:6,0,0,0
BRDA:6,0,1,2
BRDA:9,1,0,0
BRDA:9,1,1,0
BRDA:10,2,0,0
BRDA:10,2,1,0
BRDA:27,3,0,1
BRDA:28,4,0,5
BRDA:44,5,0,3
BRDA:44,5,1,5
BRDA:50,6,0,5
BRDA:56,7,0,8
BRDA:56,7,1,3
BRDA:57,8,0,2
BRDA:57,8,1,6
BRDA:57,9,0,8
BRDA:57,9,1,8
BRDA:62,10,0,3
BRDA:62,10,1,5
BRDA:63,11,0,8
BRDA:63,11,1,1
BRDA:73,12,0,0
BRDA:78,13,0,0
BRDA:87,14,0,0
BRDA:92,15,0,0
BRF:25
BRH:16
end_of_record
TN:
SF:src/utils/logger.ts
FN:13,(anonymous_1)
FN:36,(anonymous_2)
FN:81,(anonymous_3)
FNF:3
FNH:2
FNDA:1,(anonymous_1)
FNDA:1,(anonymous_2)
FNDA:0,(anonymous_3)
DA:1,1
DA:4,1
DA:13,1
DA:14,1
DA:15,1
DA:16,1
DA:20,1
DA:29,1
DA:32,1
DA:36,1
DA:41,1
DA:47,1
DA:55,1
DA:57,0
DA:73,1
DA:80,1
DA:82,0
LF:17
LH:15
BRDA:14,0,0,1
BRDA:14,0,1,0
BRDA:16,1,0,0
BRDA:16,1,1,1
BRDA:16,2,0,1
BRDA:16,2,1,1
BRDA:55,3,0,0
BRF:7
BRH:4
end_of_record
