{"/Users/moonseer/Code/church-planner-v2/client/.eslintrc.cjs": {"path":"/Users/moonseer/Code/church-planner-v2/client/.eslintrc.cjs","all":true,"statementMap":{"0":{"start":{"line":1,"column":0},"end":{"line":1,"column":81}},"1":{"start":{"line":2,"column":0},"end":{"line":2,"column":48}},"2":{"start":{"line":3,"column":0},"end":{"line":3,"column":44}},"3":{"start":{"line":4,"column":0},"end":{"line":4,"column":66}},"4":{"start":{"line":5,"column":0},"end":{"line":5,"column":1}},"6":{"start":{"line":7,"column":0},"end":{"line":7,"column":48}}},"s":{"0":0,"1":0,"2":0,"3":0,"4":0,"6":0},"branchMap":{"0":{"type":"branch","line":1,"loc":{"start":{"line":1,"column":294},"end":{"line":7,"column":48}},"locations":[{"start":{"line":1,"column":294},"end":{"line":7,"column":48}}]}},"b":{"0":[0]},"fnMap":{"0":{"name":"(empty-report)","decl":{"start":{"line":1,"column":294},"end":{"line":7,"column":48}},"loc":{"start":{"line":1,"column":294},"end":{"line":7,"column":48}},"line":1}},"f":{"0":0}}
,"/Users/moonseer/Code/church-planner-v2/client/eslint.config.js": {"path":"/Users/moonseer/Code/church-planner-v2/client/eslint.config.js","all":true,"statementMap":{"0":{"start":{"line":1,"column":0},"end":{"line":1,"column":27}},"1":{"start":{"line":2,"column":0},"end":{"line":2,"column":29}},"2":{"start":{"line":3,"column":0},"end":{"line":3,"column":50}},"3":{"start":{"line":4,"column":0},"end":{"line":4,"column":54}},"4":{"start":{"line":5,"column":0},"end":{"line":5,"column":40}},"6":{"start":{"line":7,"column":0},"end":{"line":7,"column":31}},"7":{"start":{"line":8,"column":0},"end":{"line":8,"column":24}},"8":{"start":{"line":9,"column":0},"end":{"line":9,"column":3}},"9":{"start":{"line":10,"column":0},"end":{"line":10,"column":71}},"10":{"start":{"line":11,"column":0},"end":{"line":11,"column":29}},"11":{"start":{"line":12,"column":0},"end":{"line":12,"column":22}},"12":{"start":{"line":13,"column":0},"end":{"line":13,"column":24}},"13":{"start":{"line":14,"column":0},"end":{"line":14,"column":31}},"14":{"start":{"line":15,"column":0},"end":{"line":15,"column":6}},"15":{"start":{"line":16,"column":0},"end":{"line":16,"column":14}},"16":{"start":{"line":17,"column":0},"end":{"line":17,"column":32}},"17":{"start":{"line":18,"column":0},"end":{"line":18,"column":36}},"18":{"start":{"line":19,"column":0},"end":{"line":19,"column":6}},"19":{"start":{"line":20,"column":0},"end":{"line":20,"column":12}},"20":{"start":{"line":21,"column":0},"end":{"line":21,"column":50}},"21":{"start":{"line":22,"column":0},"end":{"line":22,"column":91}},"22":{"start":{"line":23,"column":0},"end":{"line":23,"column":64}},"23":{"start":{"line":24,"column":0},"end":{"line":24,"column":78}},"24":{"start":{"line":25,"column":0},"end":{"line":25,"column":55}},"25":{"start":{"line":26,"column":0},"end":{"line":26,"column":57}},"26":{"start":{"line":27,"column":0},"end":{"line":27,"column":43}},"27":{"start":{"line":28,"column":0},"end":{"line":28,"column":46}},"28":{"start":{"line":29,"column":0},"end":{"line":29,"column":49}},"29":{"start":{"line":30,"column":0},"end":{"line":30,"column":54}},"30":{"start":{"line":31,"column":0},"end":{"line":31,"column":62}},"31":{"start":{"line":32,"column":0},"end":{"line":32,"column":54}},"32":{"start":{"line":33,"column":0},"end":{"line":33,"column":47}},"33":{"start":{"line":34,"column":0},"end":{"line":34,"column":63}},"34":{"start":{"line":35,"column":0},"end":{"line":35,"column":59}},"35":{"start":{"line":36,"column":0},"end":{"line":36,"column":55}},"36":{"start":{"line":37,"column":0},"end":{"line":37,"column":49}},"37":{"start":{"line":38,"column":0},"end":{"line":38,"column":47}},"38":{"start":{"line":39,"column":0},"end":{"line":39,"column":58}},"39":{"start":{"line":40,"column":0},"end":{"line":40,"column":60}},"40":{"start":{"line":41,"column":0},"end":{"line":41,"column":64}},"41":{"start":{"line":42,"column":0},"end":{"line":42,"column":49}},"42":{"start":{"line":43,"column":0},"end":{"line":43,"column":49}},"43":{"start":{"line":44,"column":0},"end":{"line":44,"column":56}},"44":{"start":{"line":45,"column":0},"end":{"line":45,"column":52}},"45":{"start":{"line":46,"column":0},"end":{"line":46,"column":60}},"46":{"start":{"line":47,"column":0},"end":{"line":47,"column":75}},"47":{"start":{"line":48,"column":0},"end":{"line":48,"column":85}},"48":{"start":{"line":49,"column":0},"end":{"line":49,"column":76}},"49":{"start":{"line":50,"column":0},"end":{"line":50,"column":94}},"50":{"start":{"line":51,"column":0},"end":{"line":51,"column":431}},"51":{"start":{"line":52,"column":0},"end":{"line":52,"column":54}},"52":{"start":{"line":53,"column":0},"end":{"line":53,"column":57}},"53":{"start":{"line":54,"column":0},"end":{"line":54,"column":48}},"54":{"start":{"line":55,"column":0},"end":{"line":55,"column":50}},"55":{"start":{"line":56,"column":0},"end":{"line":56,"column":56}},"56":{"start":{"line":57,"column":0},"end":{"line":57,"column":63}},"57":{"start":{"line":58,"column":0},"end":{"line":58,"column":48}},"58":{"start":{"line":59,"column":0},"end":{"line":59,"column":47}},"59":{"start":{"line":60,"column":0},"end":{"line":60,"column":53}},"60":{"start":{"line":61,"column":0},"end":{"line":61,"column":50}},"61":{"start":{"line":62,"column":0},"end":{"line":62,"column":69}},"62":{"start":{"line":63,"column":0},"end":{"line":63,"column":49}},"63":{"start":{"line":64,"column":0},"end":{"line":64,"column":66}},"64":{"start":{"line":65,"column":0},"end":{"line":65,"column":52}},"65":{"start":{"line":66,"column":0},"end":{"line":66,"column":73}},"66":{"start":{"line":67,"column":0},"end":{"line":67,"column":85}},"67":{"start":{"line":68,"column":0},"end":{"line":68,"column":65}},"68":{"start":{"line":69,"column":0},"end":{"line":69,"column":46}},"69":{"start":{"line":70,"column":0},"end":{"line":70,"column":47}},"70":{"start":{"line":71,"column":0},"end":{"line":71,"column":15}},"71":{"start":{"line":72,"column":0},"end":{"line":72,"column":38}},"72":{"start":{"line":73,"column":0},"end":{"line":73,"column":8}},"73":{"start":{"line":74,"column":0},"end":{"line":74,"column":6}},"74":{"start":{"line":75,"column":0},"end":{"line":75,"column":4}},"75":{"start":{"line":76,"column":0},"end":{"line":76,"column":1}}},"s":{"0":0,"1":0,"2":0,"3":0,"4":0,"6":0,"7":0,"8":0,"9":0,"10":0,"11":0,"12":0,"13":0,"14":0,"15":0,"16":0,"17":0,"18":0,"19":0,"20":0,"21":0,"22":0,"23":0,"24":0,"25":0,"26":0,"27":0,"28":0,"29":0,"30":0,"31":0,"32":0,"33":0,"34":0,"35":0,"36":0,"37":0,"38":0,"39":0,"40":0,"41":0,"42":0,"43":0,"44":0,"45":0,"46":0,"47":0,"48":0,"49":0,"50":0,"51":0,"52":0,"53":0,"54":0,"55":0,"56":0,"57":0,"58":0,"59":0,"60":0,"61":0,"62":0,"63":0,"64":0,"65":0,"66":0,"67":0,"68":0,"69":0,"70":0,"71":0,"72":0,"73":0,"74":0,"75":0},"branchMap":{"0":{"type":"branch","line":1,"loc":{"start":{"line":1,"column":0},"end":{"line":76,"column":-482}},"locations":[{"start":{"line":1,"column":0},"end":{"line":76,"column":-482}}]}},"b":{"0":[0]},"fnMap":{"0":{"name":"(empty-report)","decl":{"start":{"line":1,"column":0},"end":{"line":76,"column":-482}},"loc":{"start":{"line":1,"column":0},"end":{"line":76,"column":-482}},"line":1}},"f":{"0":0}}
,"/Users/moonseer/Code/church-planner-v2/client/postcss.config.js": {"path":"/Users/moonseer/Code/church-planner-v2/client/postcss.config.js","all":true,"statementMap":{"0":{"start":{"line":1,"column":0},"end":{"line":1,"column":16}},"1":{"start":{"line":2,"column":0},"end":{"line":2,"column":12}},"2":{"start":{"line":3,"column":0},"end":{"line":3,"column":20}},"3":{"start":{"line":4,"column":0},"end":{"line":4,"column":21}},"4":{"start":{"line":5,"column":0},"end":{"line":5,"column":4}},"5":{"start":{"line":6,"column":0},"end":{"line":6,"column":2}}},"s":{"0":0,"1":0,"2":0,"3":0,"4":0,"5":0},"branchMap":{"0":{"type":"branch","line":1,"loc":{"start":{"line":1,"column":0},"end":{"line":6,"column":-11}},"locations":[{"start":{"line":1,"column":0},"end":{"line":6,"column":-11}}]}},"b":{"0":[0]},"fnMap":{"0":{"name":"(empty-report)","decl":{"start":{"line":1,"column":0},"end":{"line":6,"column":-11}},"loc":{"start":{"line":1,"column":0},"end":{"line":6,"column":-11}},"line":1}},"f":{"0":0}}
,"/Users/moonseer/Code/church-planner-v2/client/tailwind.config.js": {"path":"/Users/moonseer/Code/church-planner-v2/client/tailwind.config.js","all":true,"statementMap":{"0":{"start":{"line":1,"column":0},"end":{"line":1,"column":43}},"1":{"start":{"line":2,"column":0},"end":{"line":2,"column":16}},"2":{"start":{"line":3,"column":0},"end":{"line":3,"column":12}},"3":{"start":{"line":4,"column":0},"end":{"line":4,"column":19}},"4":{"start":{"line":5,"column":0},"end":{"line":5,"column":33}},"5":{"start":{"line":6,"column":0},"end":{"line":6,"column":4}},"6":{"start":{"line":7,"column":0},"end":{"line":7,"column":10}},"7":{"start":{"line":8,"column":0},"end":{"line":8,"column":15}},"8":{"start":{"line":9,"column":0},"end":{"line":9,"column":4}},"9":{"start":{"line":10,"column":0},"end":{"line":10,"column":14}},"10":{"start":{"line":11,"column":0},"end":{"line":11,"column":1}}},"s":{"0":0,"1":0,"2":0,"3":0,"4":0,"5":0,"6":0,"7":0,"8":0,"9":0,"10":0},"branchMap":{"0":{"type":"branch","line":1,"loc":{"start":{"line":1,"column":0},"end":{"line":11,"column":-13}},"locations":[{"start":{"line":1,"column":0},"end":{"line":11,"column":-13}}]}},"b":{"0":[0]},"fnMap":{"0":{"name":"(empty-report)","decl":{"start":{"line":1,"column":0},"end":{"line":11,"column":-13}},"loc":{"start":{"line":1,"column":0},"end":{"line":11,"column":-13}},"line":1}},"f":{"0":0}}
,"/Users/moonseer/Code/church-planner-v2/client/vite.config.ts": {"path":"/Users/moonseer/Code/church-planner-v2/client/vite.config.ts","all":true,"statementMap":{"0":{"start":{"line":1,"column":0},"end":{"line":1,"column":35}},"1":{"start":{"line":2,"column":0},"end":{"line":2,"column":40}},"2":{"start":{"line":3,"column":0},"end":{"line":3,"column":23}},"5":{"start":{"line":6,"column":0},"end":{"line":6,"column":29}},"6":{"start":{"line":7,"column":0},"end":{"line":7,"column":21}},"7":{"start":{"line":8,"column":0},"end":{"line":8,"column":12}},"8":{"start":{"line":9,"column":0},"end":{"line":9,"column":12}},"9":{"start":{"line":10,"column":0},"end":{"line":10,"column":54}},"10":{"start":{"line":11,"column":0},"end":{"line":11,"column":51}},"11":{"start":{"line":12,"column":0},"end":{"line":12,"column":65}},"12":{"start":{"line":13,"column":0},"end":{"line":13,"column":55}},"13":{"start":{"line":14,"column":0},"end":{"line":14,"column":5}},"14":{"start":{"line":15,"column":0},"end":{"line":15,"column":3}},"15":{"start":{"line":16,"column":0},"end":{"line":16,"column":2}}},"s":{"0":0,"1":0,"2":0,"5":0,"6":0,"7":0,"8":0,"9":0,"10":0,"11":0,"12":0,"13":0,"14":0,"15":0},"branchMap":{"0":{"type":"branch","line":1,"loc":{"start":{"line":1,"column":0},"end":{"line":16,"column":-241}},"locations":[{"start":{"line":1,"column":0},"end":{"line":16,"column":-241}}]}},"b":{"0":[0]},"fnMap":{"0":{"name":"(empty-report)","decl":{"start":{"line":1,"column":0},"end":{"line":16,"column":-241}},"loc":{"start":{"line":1,"column":0},"end":{"line":16,"column":-241}},"line":1}},"f":{"0":0}}
,"/Users/moonseer/Code/church-planner-v2/client/vitest.config.ts": {"path":"/Users/moonseer/Code/church-planner-v2/client/vitest.config.ts","all":true,"statementMap":{"0":{"start":{"line":1,"column":0},"end":{"line":1,"column":45}},"1":{"start":{"line":2,"column":0},"end":{"line":2,"column":41}},"2":{"start":{"line":3,"column":0},"end":{"line":3,"column":31}},"4":{"start":{"line":5,"column":0},"end":{"line":5,"column":29}},"5":{"start":{"line":6,"column":0},"end":{"line":6,"column":21}},"6":{"start":{"line":7,"column":0},"end":{"line":7,"column":9}},"7":{"start":{"line":8,"column":0},"end":{"line":8,"column":25}},"8":{"start":{"line":9,"column":0},"end":{"line":9,"column":18}},"9":{"start":{"line":10,"column":0},"end":{"line":10,"column":40}},"10":{"start":{"line":11,"column":0},"end":{"line":11,"column":15}},"11":{"start":{"line":12,"column":0},"end":{"line":12,"column":41}},"12":{"start":{"line":13,"column":0},"end":{"line":13,"column":16}},"13":{"start":{"line":14,"column":0},"end":{"line":14,"column":24}},"14":{"start":{"line":15,"column":0},"end":{"line":15,"column":20}},"15":{"start":{"line":16,"column":0},"end":{"line":16,"column":20}},"16":{"start":{"line":17,"column":0},"end":{"line":17,"column":29}},"17":{"start":{"line":18,"column":0},"end":{"line":18,"column":26}},"18":{"start":{"line":19,"column":0},"end":{"line":19,"column":8}},"19":{"start":{"line":20,"column":0},"end":{"line":20,"column":16}},"20":{"start":{"line":21,"column":0},"end":{"line":21,"column":16}},"21":{"start":{"line":22,"column":0},"end":{"line":22,"column":20}},"22":{"start":{"line":23,"column":0},"end":{"line":23,"column":19}},"23":{"start":{"line":24,"column":0},"end":{"line":24,"column":21}},"24":{"start":{"line":25,"column":0},"end":{"line":25,"column":6}},"25":{"start":{"line":26,"column":0},"end":{"line":26,"column":4}},"26":{"start":{"line":27,"column":0},"end":{"line":27,"column":12}},"27":{"start":{"line":28,"column":0},"end":{"line":28,"column":12}},"28":{"start":{"line":29,"column":0},"end":{"line":29,"column":39}},"29":{"start":{"line":30,"column":0},"end":{"line":30,"column":49}},"30":{"start":{"line":31,"column":0},"end":{"line":31,"column":6}},"31":{"start":{"line":32,"column":0},"end":{"line":32,"column":4}},"32":{"start":{"line":33,"column":0},"end":{"line":33,"column":3}}},"s":{"0":0,"1":0,"2":0,"4":0,"5":0,"6":0,"7":0,"8":0,"9":0,"10":0,"11":0,"12":0,"13":0,"14":0,"15":0,"16":0,"17":0,"18":0,"19":0,"20":0,"21":0,"22":0,"23":0,"24":0,"25":0,"26":0,"27":0,"28":0,"29":0,"30":0,"31":0,"32":0},"branchMap":{"0":{"type":"branch","line":1,"loc":{"start":{"line":1,"column":0},"end":{"line":33,"column":-247}},"locations":[{"start":{"line":1,"column":0},"end":{"line":33,"column":-247}}]}},"b":{"0":[0]},"fnMap":{"0":{"name":"(empty-report)","decl":{"start":{"line":1,"column":0},"end":{"line":33,"column":-247}},"loc":{"start":{"line":1,"column":0},"end":{"line":33,"column":-247}},"line":1}},"f":{"0":0}}
,"/Users/moonseer/Code/church-planner-v2/client/src/App.tsx": {"path":"/Users/moonseer/Code/church-planner-v2/client/src/App.tsx","all":false,"statementMap":{"0":{"start":{"line":1,"column":0},"end":{"line":1,"column":32}},"1":{"start":{"line":2,"column":0},"end":{"line":2,"column":42}},"2":{"start":{"line":3,"column":0},"end":{"line":3,"column":32}},"3":{"start":{"line":4,"column":0},"end":{"line":4,"column":18}},"5":{"start":{"line":6,"column":0},"end":{"line":6,"column":16}},"6":{"start":{"line":7,"column":0},"end":{"line":7,"column":39}},"8":{"start":{"line":9,"column":0},"end":{"line":9,"column":10}},"9":{"start":{"line":10,"column":0},"end":{"line":10,"column":6}},"10":{"start":{"line":11,"column":0},"end":{"line":11,"column":11}},"11":{"start":{"line":12,"column":0},"end":{"line":12,"column":51}},"12":{"start":{"line":13,"column":0},"end":{"line":13,"column":65}},"13":{"start":{"line":14,"column":0},"end":{"line":14,"column":12}},"14":{"start":{"line":15,"column":0},"end":{"line":15,"column":52}},"15":{"start":{"line":16,"column":0},"end":{"line":16,"column":73}},"16":{"start":{"line":17,"column":0},"end":{"line":17,"column":12}},"17":{"start":{"line":18,"column":0},"end":{"line":18,"column":12}},"18":{"start":{"line":19,"column":0},"end":{"line":19,"column":27}},"19":{"start":{"line":20,"column":0},"end":{"line":20,"column":28}},"20":{"start":{"line":21,"column":0},"end":{"line":21,"column":63}},"21":{"start":{"line":22,"column":0},"end":{"line":22,"column":26}},"22":{"start":{"line":23,"column":0},"end":{"line":23,"column":17}},"23":{"start":{"line":24,"column":0},"end":{"line":24,"column":11}},"24":{"start":{"line":25,"column":0},"end":{"line":25,"column":60}},"25":{"start":{"line":26,"column":0},"end":{"line":26,"column":12}},"26":{"start":{"line":27,"column":0},"end":{"line":27,"column":12}},"27":{"start":{"line":28,"column":0},"end":{"line":28,"column":35}},"29":{"start":{"line":30,"column":0},"end":{"line":30,"column":10}},"30":{"start":{"line":31,"column":0},"end":{"line":31,"column":7}},"32":{"start":{"line":33,"column":0},"end":{"line":33,"column":1}},"34":{"start":{"line":35,"column":0},"end":{"line":35,"column":18}}},"s":{"0":1,"1":1,"2":1,"3":1,"5":1,"6":1,"8":1,"9":1,"10":1,"11":1,"12":1,"13":1,"14":1,"15":1,"16":1,"17":1,"18":1,"19":1,"20":1,"21":1,"22":1,"23":1,"24":1,"25":1,"26":1,"27":1,"29":1,"30":1,"32":1,"34":1},"branchMap":{"0":{"type":"branch","line":6,"loc":{"start":{"line":6,"column":0},"end":{"line":33,"column":1}},"locations":[{"start":{"line":6,"column":0},"end":{"line":33,"column":1}}]}},"b":{"0":[1]},"fnMap":{"0":{"name":"App","decl":{"start":{"line":6,"column":0},"end":{"line":33,"column":1}},"loc":{"start":{"line":6,"column":0},"end":{"line":33,"column":1}},"line":6},"1":{"name":"onClick","decl":{"start":{"line":21,"column":25},"end":{"line":21,"column":63}},"loc":{"start":{"line":21,"column":25},"end":{"line":21,"column":63}},"line":21}},"f":{"0":1,"1":0}}
,"/Users/moonseer/Code/church-planner-v2/client/src/main.tsx": {"path":"/Users/moonseer/Code/church-planner-v2/client/src/main.tsx","all":true,"statementMap":{"0":{"start":{"line":1,"column":0},"end":{"line":1,"column":34}},"1":{"start":{"line":2,"column":0},"end":{"line":2,"column":45}},"2":{"start":{"line":3,"column":0},"end":{"line":3,"column":20}},"3":{"start":{"line":4,"column":0},"end":{"line":4,"column":27}},"5":{"start":{"line":6,"column":0},"end":{"line":6,"column":52}},"6":{"start":{"line":7,"column":0},"end":{"line":7,"column":14}},"7":{"start":{"line":8,"column":0},"end":{"line":8,"column":11}},"8":{"start":{"line":9,"column":0},"end":{"line":9,"column":16}},"9":{"start":{"line":10,"column":0},"end":{"line":10,"column":1}}},"s":{"0":0,"1":0,"2":0,"3":0,"5":0,"6":0,"7":0,"8":0,"9":0},"branchMap":{"0":{"type":"branch","line":1,"loc":{"start":{"line":1,"column":203},"end":{"line":10,"column":-194}},"locations":[{"start":{"line":1,"column":203},"end":{"line":10,"column":-194}}]}},"b":{"0":[0]},"fnMap":{"0":{"name":"(empty-report)","decl":{"start":{"line":1,"column":203},"end":{"line":10,"column":-194}},"loc":{"start":{"line":1,"column":203},"end":{"line":10,"column":-194}},"line":1}},"f":{"0":0}}
,"/Users/moonseer/Code/church-planner-v2/client/src/api/client.ts": {"path":"/Users/moonseer/Code/church-planner-v2/client/src/api/client.ts","all":false,"statementMap":{"0":{"start":{"line":1,"column":0},"end":{"line":1,"column":120}},"1":{"start":{"line":2,"column":0},"end":{"line":2,"column":85}},"15":{"start":{"line":16,"column":0},"end":{"line":16,"column":40}},"16":{"start":{"line":17,"column":0},"end":{"line":17,"column":50}},"17":{"start":{"line":18,"column":0},"end":{"line":18,"column":17}},"18":{"start":{"line":19,"column":0},"end":{"line":19,"column":12}},"19":{"start":{"line":20,"column":0},"end":{"line":20,"column":39}},"20":{"start":{"line":21,"column":0},"end":{"line":21,"column":4}},"21":{"start":{"line":22,"column":0},"end":{"line":22,"column":2}},"26":{"start":{"line":27,"column":0},"end":{"line":27,"column":17}},"27":{"start":{"line":28,"column":0},"end":{"line":28,"column":32}},"29":{"start":{"line":30,"column":0},"end":{"line":30,"column":56}},"30":{"start":{"line":31,"column":0},"end":{"line":31,"column":32}},"31":{"start":{"line":32,"column":0},"end":{"line":32,"column":30}},"32":{"start":{"line":33,"column":0},"end":{"line":33,"column":55}},"33":{"start":{"line":34,"column":0},"end":{"line":34,"column":63}},"34":{"start":{"line":35,"column":0},"end":{"line":35,"column":7}},"37":{"start":{"line":38,"column":0},"end":{"line":38,"column":41}},"38":{"start":{"line":39,"column":0},"end":{"line":39,"column":47}},"39":{"start":{"line":40,"column":0},"end":{"line":40,"column":52}},"40":{"start":{"line":41,"column":0},"end":{"line":41,"column":38}},"41":{"start":{"line":42,"column":0},"end":{"line":42,"column":59}},"42":{"start":{"line":43,"column":0},"end":{"line":43,"column":9}},"43":{"start":{"line":44,"column":0},"end":{"line":44,"column":22}},"44":{"start":{"line":45,"column":0},"end":{"line":45,"column":8}},"45":{"start":{"line":46,"column":0},"end":{"line":46,"column":47}},"46":{"start":{"line":47,"column":0},"end":{"line":47,"column":6}},"49":{"start":{"line":50,"column":0},"end":{"line":50,"column":42}},"50":{"start":{"line":51,"column":0},"end":{"line":51,"column":44}},"51":{"start":{"line":52,"column":0},"end":{"line":52,"column":52}},"52":{"start":{"line":53,"column":0},"end":{"line":53,"column":6}},"53":{"start":{"line":54,"column":0},"end":{"line":54,"column":3}},"58":{"start":{"line":59,"column":0},"end":{"line":59,"column":58}},"59":{"start":{"line":60,"column":0},"end":{"line":60,"column":25}},"60":{"start":{"line":61,"column":0},"end":{"line":61,"column":43}},"63":{"start":{"line":64,"column":0},"end":{"line":64,"column":47}},"65":{"start":{"line":66,"column":0},"end":{"line":66,"column":41}},"66":{"start":{"line":67,"column":0},"end":{"line":67,"column":7}},"69":{"start":{"line":70,"column":0},"end":{"line":70,"column":68}},"71":{"start":{"line":72,"column":0},"end":{"line":72,"column":43}},"72":{"start":{"line":73,"column":0},"end":{"line":73,"column":5}},"74":{"start":{"line":75,"column":0},"end":{"line":75,"column":24}},"76":{"start":{"line":77,"column":0},"end":{"line":77,"column":29}},"77":{"start":{"line":78,"column":0},"end":{"line":78,"column":23}},"78":{"start":{"line":79,"column":0},"end":{"line":79,"column":41}},"79":{"start":{"line":80,"column":0},"end":{"line":80,"column":47}},"80":{"start":{"line":81,"column":0},"end":{"line":81,"column":29}},"81":{"start":{"line":82,"column":0},"end":{"line":82,"column":5}},"84":{"start":{"line":85,"column":0},"end":{"line":85,"column":27}},"85":{"start":{"line":86,"column":0},"end":{"line":86,"column":21}},"86":{"start":{"line":87,"column":0},"end":{"line":87,"column":55}},"87":{"start":{"line":88,"column":0},"end":{"line":88,"column":51}},"88":{"start":{"line":89,"column":0},"end":{"line":89,"column":27}},"89":{"start":{"line":90,"column":0},"end":{"line":90,"column":3}},"94":{"start":{"line":95,"column":0},"end":{"line":95,"column":15}},"95":{"start":{"line":96,"column":0},"end":{"line":96,"column":16}},"96":{"start":{"line":97,"column":0},"end":{"line":97,"column":31}},"97":{"start":{"line":98,"column":0},"end":{"line":98,"column":37}},"98":{"start":{"line":99,"column":0},"end":{"line":99,"column":79}},"99":{"start":{"line":100,"column":0},"end":{"line":100,"column":25}},"100":{"start":{"line":101,"column":0},"end":{"line":101,"column":3}},"105":{"start":{"line":106,"column":0},"end":{"line":106,"column":29}},"106":{"start":{"line":107,"column":0},"end":{"line":107,"column":16}},"107":{"start":{"line":108,"column":0},"end":{"line":108,"column":13}},"108":{"start":{"line":109,"column":0},"end":{"line":109,"column":31}},"109":{"start":{"line":110,"column":0},"end":{"line":110,"column":37}},"110":{"start":{"line":111,"column":0},"end":{"line":111,"column":86}},"111":{"start":{"line":112,"column":0},"end":{"line":112,"column":25}},"112":{"start":{"line":113,"column":0},"end":{"line":113,"column":3}},"117":{"start":{"line":118,"column":0},"end":{"line":118,"column":28}},"118":{"start":{"line":119,"column":0},"end":{"line":119,"column":16}},"119":{"start":{"line":120,"column":0},"end":{"line":120,"column":13}},"120":{"start":{"line":121,"column":0},"end":{"line":121,"column":31}},"121":{"start":{"line":122,"column":0},"end":{"line":122,"column":37}},"122":{"start":{"line":123,"column":0},"end":{"line":123,"column":85}},"123":{"start":{"line":124,"column":0},"end":{"line":124,"column":25}},"124":{"start":{"line":125,"column":0},"end":{"line":125,"column":3}},"129":{"start":{"line":130,"column":0},"end":{"line":130,"column":18}},"130":{"start":{"line":131,"column":0},"end":{"line":131,"column":16}},"131":{"start":{"line":132,"column":0},"end":{"line":132,"column":31}},"132":{"start":{"line":133,"column":0},"end":{"line":133,"column":37}},"133":{"start":{"line":134,"column":0},"end":{"line":134,"column":82}},"134":{"start":{"line":135,"column":0},"end":{"line":135,"column":25}},"135":{"start":{"line":136,"column":0},"end":{"line":136,"column":3}},"136":{"start":{"line":137,"column":0},"end":{"line":137,"column":1}},"139":{"start":{"line":140,"column":0},"end":{"line":140,"column":34}},"141":{"start":{"line":142,"column":0},"end":{"line":142,"column":25}}},"s":{"0":1,"1":1,"15":1,"16":1,"17":1,"18":1,"19":1,"20":1,"21":1,"26":1,"27":1,"29":1,"30":13,"31":13,"32":13,"33":13,"34":13,"37":13,"38":13,"39":1,"40":1,"41":1,"42":1,"43":1,"44":1,"45":13,"46":13,"49":13,"50":13,"51":13,"52":13,"53":13,"58":1,"59":3,"60":1,"63":1,"65":0,"66":0,"69":1,"71":1,"72":1,"74":3,"76":1,"77":1,"78":1,"79":1,"80":1,"81":1,"84":1,"85":1,"86":3,"87":3,"88":3,"89":3,"94":1,"95":1,"96":1,"97":1,"98":1,"99":1,"100":1,"105":1,"106":1,"107":1,"108":1,"109":1,"110":1,"111":1,"112":1,"117":1,"118":1,"119":1,"120":1,"121":1,"122":1,"123":1,"124":1,"129":1,"130":1,"131":1,"132":1,"133":1,"134":1,"135":1,"136":1,"139":1,"141":1},"branchMap":{"0":{"type":"branch","line":28,"loc":{"start":{"line":28,"column":10},"end":{"line":28,"column":32}},"locations":[{"start":{"line":28,"column":10},"end":{"line":28,"column":32}}]},"1":{"type":"branch","line":30,"loc":{"start":{"line":30,"column":2},"end":{"line":54,"column":3}},"locations":[{"start":{"line":30,"column":2},"end":{"line":54,"column":3}}]},"2":{"type":"branch","line":33,"loc":{"start":{"line":33,"column":22},"end":{"line":33,"column":55}},"locations":[{"start":{"line":33,"column":22},"end":{"line":33,"column":55}}]},"3":{"type":"branch","line":39,"loc":{"start":{"line":39,"column":6},"end":{"line":45,"column":8}},"locations":[{"start":{"line":39,"column":6},"end":{"line":45,"column":8}}]},"4":{"type":"branch","line":52,"loc":{"start":{"line":52,"column":6},"end":{"line":52,"column":52}},"locations":[{"start":{"line":52,"column":6},"end":{"line":52,"column":52}}]},"5":{"type":"branch","line":59,"loc":{"start":{"line":59,"column":10},"end":{"line":90,"column":3}},"locations":[{"start":{"line":59,"column":10},"end":{"line":90,"column":3}}]},"6":{"type":"branch","line":60,"loc":{"start":{"line":60,"column":24},"end":{"line":73,"column":5}},"locations":[{"start":{"line":60,"column":24},"end":{"line":73,"column":5}}]},"7":{"type":"branch","line":64,"loc":{"start":{"line":64,"column":46},"end":{"line":67,"column":7}},"locations":[{"start":{"line":64,"column":46},"end":{"line":67,"column":7}}]},"8":{"type":"branch","line":73,"loc":{"start":{"line":73,"column":4},"end":{"line":75,"column":23}},"locations":[{"start":{"line":73,"column":4},"end":{"line":75,"column":23}}]},"9":{"type":"branch","line":75,"loc":{"start":{"line":75,"column":23},"end":{"line":87,"column":30}},"locations":[{"start":{"line":75,"column":23},"end":{"line":87,"column":30}}]},"10":{"type":"branch","line":87,"loc":{"start":{"line":87,"column":19},"end":{"line":87,"column":55}},"locations":[{"start":{"line":87,"column":19},"end":{"line":87,"column":55}}]},"11":{"type":"branch","line":95,"loc":{"start":{"line":95,"column":2},"end":{"line":101,"column":3}},"locations":[{"start":{"line":95,"column":2},"end":{"line":101,"column":3}}]},"12":{"type":"branch","line":106,"loc":{"start":{"line":106,"column":2},"end":{"line":113,"column":3}},"locations":[{"start":{"line":106,"column":2},"end":{"line":113,"column":3}}]},"13":{"type":"branch","line":118,"loc":{"start":{"line":118,"column":2},"end":{"line":125,"column":3}},"locations":[{"start":{"line":118,"column":2},"end":{"line":125,"column":3}}]},"14":{"type":"branch","line":130,"loc":{"start":{"line":130,"column":2},"end":{"line":136,"column":3}},"locations":[{"start":{"line":130,"column":2},"end":{"line":136,"column":3}}]}},"b":{"0":[13],"1":[13],"2":[0],"3":[1],"4":[3],"5":[3],"6":[1],"7":[0],"8":[2],"9":[1],"10":[0],"11":[1],"12":[1],"13":[1],"14":[1]},"fnMap":{"0":{"name":"<instance_members_initializer>","decl":{"start":{"line":28,"column":10},"end":{"line":28,"column":32}},"loc":{"start":{"line":28,"column":10},"end":{"line":28,"column":32}},"line":28},"1":{"name":"ApiClient","decl":{"start":{"line":30,"column":2},"end":{"line":54,"column":3}},"loc":{"start":{"line":30,"column":2},"end":{"line":54,"column":3}},"line":30},"2":{"name":"handleError","decl":{"start":{"line":59,"column":10},"end":{"line":90,"column":3}},"loc":{"start":{"line":59,"column":10},"end":{"line":90,"column":3}},"line":59},"3":{"name":"get","decl":{"start":{"line":95,"column":2},"end":{"line":101,"column":3}},"loc":{"start":{"line":95,"column":2},"end":{"line":101,"column":3}},"line":95},"4":{"name":"post","decl":{"start":{"line":106,"column":2},"end":{"line":113,"column":3}},"loc":{"start":{"line":106,"column":2},"end":{"line":113,"column":3}},"line":106},"5":{"name":"put","decl":{"start":{"line":118,"column":2},"end":{"line":125,"column":3}},"loc":{"start":{"line":118,"column":2},"end":{"line":125,"column":3}},"line":118},"6":{"name":"delete","decl":{"start":{"line":130,"column":2},"end":{"line":136,"column":3}},"loc":{"start":{"line":130,"column":2},"end":{"line":136,"column":3}},"line":130}},"f":{"0":13,"1":13,"2":3,"3":1,"4":1,"5":1,"6":1}}
,"/Users/moonseer/Code/church-planner-v2/client/src/api/index.ts": {"path":"/Users/moonseer/Code/church-planner-v2/client/src/api/index.ts","all":false,"statementMap":{"0":{"start":{"line":1,"column":0},"end":{"line":1,"column":33}},"1":{"start":{"line":2,"column":0},"end":{"line":2,"column":39}},"2":{"start":{"line":3,"column":0},"end":{"line":3,"column":43}},"3":{"start":{"line":4,"column":0},"end":{"line":4,"column":41}},"8":{"start":{"line":9,"column":0},"end":{"line":9,"column":13}},"9":{"start":{"line":10,"column":0},"end":{"line":10,"column":16}},"10":{"start":{"line":11,"column":0},"end":{"line":11,"column":20}},"11":{"start":{"line":12,"column":0},"end":{"line":12,"column":18}},"12":{"start":{"line":13,"column":0},"end":{"line":13,"column":2}},"14":{"start":{"line":15,"column":0},"end":{"line":15,"column":19}}},"s":{"0":1,"1":1,"2":1,"3":1,"8":1,"9":1,"10":1,"11":1,"12":1,"14":1},"branchMap":{},"b":{},"fnMap":{},"f":{}}
,"/Users/moonseer/Code/church-planner-v2/client/src/api/endpoints/auth.ts": {"path":"/Users/moonseer/Code/church-planner-v2/client/src/api/endpoints/auth.ts","all":false,"statementMap":{"0":{"start":{"line":1,"column":0},"end":{"line":1,"column":34}},"12":{"start":{"line":13,"column":0},"end":{"line":13,"column":17}},"17":{"start":{"line":18,"column":0},"end":{"line":18,"column":45}},"18":{"start":{"line":19,"column":0},"end":{"line":19,"column":63}},"19":{"start":{"line":20,"column":0},"end":{"line":20,"column":23}},"20":{"start":{"line":21,"column":0},"end":{"line":21,"column":14}},"21":{"start":{"line":22,"column":0},"end":{"line":22,"column":6}},"22":{"start":{"line":23,"column":0},"end":{"line":23,"column":4}},"28":{"start":{"line":29,"column":0},"end":{"line":29,"column":42}},"29":{"start":{"line":30,"column":0},"end":{"line":30,"column":57}},"30":{"start":{"line":31,"column":0},"end":{"line":31,"column":20}},"31":{"start":{"line":32,"column":0},"end":{"line":32,"column":17}},"32":{"start":{"line":33,"column":0},"end":{"line":33,"column":6}},"33":{"start":{"line":34,"column":0},"end":{"line":34,"column":4}},"38":{"start":{"line":39,"column":0},"end":{"line":39,"column":25}},"39":{"start":{"line":40,"column":0},"end":{"line":40,"column":52}},"40":{"start":{"line":41,"column":0},"end":{"line":41,"column":4}},"41":{"start":{"line":42,"column":0},"end":{"line":42,"column":2}},"43":{"start":{"line":44,"column":0},"end":{"line":44,"column":23}}},"s":{"0":1,"12":1,"17":1,"18":1,"19":1,"20":1,"21":1,"22":1,"28":1,"29":1,"30":1,"31":1,"32":1,"33":1,"38":1,"39":1,"40":1,"41":1,"43":1},"branchMap":{"0":{"type":"branch","line":18,"loc":{"start":{"line":18,"column":12},"end":{"line":23,"column":4}},"locations":[{"start":{"line":18,"column":12},"end":{"line":23,"column":4}}]},"1":{"type":"branch","line":29,"loc":{"start":{"line":29,"column":9},"end":{"line":34,"column":4}},"locations":[{"start":{"line":29,"column":9},"end":{"line":34,"column":4}}]},"2":{"type":"branch","line":39,"loc":{"start":{"line":39,"column":18},"end":{"line":41,"column":4}},"locations":[{"start":{"line":39,"column":18},"end":{"line":41,"column":4}}]}},"b":{"0":[1],"1":[1],"2":[1]},"fnMap":{"0":{"name":"register","decl":{"start":{"line":18,"column":12},"end":{"line":23,"column":4}},"loc":{"start":{"line":18,"column":12},"end":{"line":23,"column":4}},"line":18},"1":{"name":"login","decl":{"start":{"line":29,"column":9},"end":{"line":34,"column":4}},"loc":{"start":{"line":29,"column":9},"end":{"line":34,"column":4}},"line":29},"2":{"name":"getCurrentUser","decl":{"start":{"line":39,"column":18},"end":{"line":41,"column":4}},"loc":{"start":{"line":39,"column":18},"end":{"line":41,"column":4}},"line":39}},"f":{"0":1,"1":1,"2":1}}
,"/Users/moonseer/Code/church-planner-v2/client/src/api/endpoints/church.ts": {"path":"/Users/moonseer/Code/church-planner-v2/client/src/api/endpoints/church.ts","all":false,"statementMap":{"0":{"start":{"line":1,"column":0},"end":{"line":1,"column":34}},"6":{"start":{"line":7,"column":0},"end":{"line":7,"column":19}},"10":{"start":{"line":11,"column":0},"end":{"line":11,"column":17}},"11":{"start":{"line":12,"column":0},"end":{"line":12,"column":57}},"12":{"start":{"line":13,"column":0},"end":{"line":13,"column":4}},"18":{"start":{"line":19,"column":0},"end":{"line":19,"column":28}},"19":{"start":{"line":20,"column":0},"end":{"line":20,"column":61}},"20":{"start":{"line":21,"column":0},"end":{"line":21,"column":4}},"26":{"start":{"line":27,"column":0},"end":{"line":27,"column":53}},"27":{"start":{"line":28,"column":0},"end":{"line":28,"column":69}},"28":{"start":{"line":29,"column":0},"end":{"line":29,"column":18}},"29":{"start":{"line":30,"column":0},"end":{"line":30,"column":16}},"30":{"start":{"line":31,"column":0},"end":{"line":31,"column":6}},"31":{"start":{"line":32,"column":0},"end":{"line":32,"column":4}},"38":{"start":{"line":39,"column":0},"end":{"line":39,"column":65}},"39":{"start":{"line":40,"column":0},"end":{"line":40,"column":68}},"40":{"start":{"line":41,"column":0},"end":{"line":41,"column":24}},"41":{"start":{"line":42,"column":0},"end":{"line":42,"column":16}},"42":{"start":{"line":43,"column":0},"end":{"line":43,"column":6}},"43":{"start":{"line":44,"column":0},"end":{"line":44,"column":4}},"49":{"start":{"line":50,"column":0},"end":{"line":50,"column":27}},"50":{"start":{"line":51,"column":0},"end":{"line":51,"column":70}},"51":{"start":{"line":52,"column":0},"end":{"line":52,"column":4}},"52":{"start":{"line":53,"column":0},"end":{"line":53,"column":2}},"54":{"start":{"line":55,"column":0},"end":{"line":55,"column":25}}},"s":{"0":1,"6":1,"10":1,"11":1,"12":1,"18":1,"19":1,"20":1,"26":1,"27":1,"28":1,"29":1,"30":1,"31":1,"38":1,"39":1,"40":1,"41":1,"42":1,"43":1,"49":1,"50":1,"51":1,"52":1,"54":1},"branchMap":{"0":{"type":"branch","line":11,"loc":{"start":{"line":11,"column":10},"end":{"line":13,"column":4}},"locations":[{"start":{"line":11,"column":10},"end":{"line":13,"column":4}}]},"1":{"type":"branch","line":19,"loc":{"start":{"line":19,"column":11},"end":{"line":21,"column":4}},"locations":[{"start":{"line":19,"column":11},"end":{"line":21,"column":4}}]},"2":{"type":"branch","line":27,"loc":{"start":{"line":27,"column":10},"end":{"line":32,"column":4}},"locations":[{"start":{"line":27,"column":10},"end":{"line":32,"column":4}}]},"3":{"type":"branch","line":39,"loc":{"start":{"line":39,"column":10},"end":{"line":44,"column":4}},"locations":[{"start":{"line":39,"column":10},"end":{"line":44,"column":4}}]},"4":{"type":"branch","line":50,"loc":{"start":{"line":50,"column":10},"end":{"line":52,"column":4}},"locations":[{"start":{"line":50,"column":10},"end":{"line":52,"column":4}}]}},"b":{"0":[1],"1":[1],"2":[1],"3":[1],"4":[1]},"fnMap":{"0":{"name":"getAll","decl":{"start":{"line":11,"column":10},"end":{"line":13,"column":4}},"loc":{"start":{"line":11,"column":10},"end":{"line":13,"column":4}},"line":11},"1":{"name":"getById","decl":{"start":{"line":19,"column":11},"end":{"line":21,"column":4}},"loc":{"start":{"line":19,"column":11},"end":{"line":21,"column":4}},"line":19},"2":{"name":"create","decl":{"start":{"line":27,"column":10},"end":{"line":32,"column":4}},"loc":{"start":{"line":27,"column":10},"end":{"line":32,"column":4}},"line":27},"3":{"name":"update","decl":{"start":{"line":39,"column":10},"end":{"line":44,"column":4}},"loc":{"start":{"line":39,"column":10},"end":{"line":44,"column":4}},"line":39},"4":{"name":"delete","decl":{"start":{"line":50,"column":10},"end":{"line":52,"column":4}},"loc":{"start":{"line":50,"column":10},"end":{"line":52,"column":4}},"line":50}},"f":{"0":1,"1":1,"2":1,"3":1,"4":1}}
,"/Users/moonseer/Code/church-planner-v2/client/src/api/endpoints/event.ts": {"path":"/Users/moonseer/Code/church-planner-v2/client/src/api/endpoints/event.ts","all":false,"statementMap":{"0":{"start":{"line":1,"column":0},"end":{"line":1,"column":34}},"6":{"start":{"line":7,"column":0},"end":{"line":7,"column":18}},"10":{"start":{"line":11,"column":0},"end":{"line":11,"column":17}},"11":{"start":{"line":12,"column":0},"end":{"line":12,"column":54}},"12":{"start":{"line":13,"column":0},"end":{"line":13,"column":4}},"19":{"start":{"line":20,"column":0},"end":{"line":20,"column":59}},"20":{"start":{"line":21,"column":0},"end":{"line":21,"column":43}},"21":{"start":{"line":22,"column":0},"end":{"line":22,"column":57}},"22":{"start":{"line":23,"column":0},"end":{"line":23,"column":6}},"23":{"start":{"line":24,"column":0},"end":{"line":24,"column":4}},"29":{"start":{"line":30,"column":0},"end":{"line":30,"column":28}},"30":{"start":{"line":31,"column":0},"end":{"line":31,"column":58}},"31":{"start":{"line":32,"column":0},"end":{"line":32,"column":4}},"37":{"start":{"line":38,"column":0},"end":{"line":38,"column":51}},"38":{"start":{"line":39,"column":0},"end":{"line":39,"column":67}},"39":{"start":{"line":40,"column":0},"end":{"line":40,"column":16}},"40":{"start":{"line":41,"column":0},"end":{"line":41,"column":15}},"41":{"start":{"line":42,"column":0},"end":{"line":42,"column":6}},"42":{"start":{"line":43,"column":0},"end":{"line":43,"column":4}},"49":{"start":{"line":50,"column":0},"end":{"line":50,"column":63}},"50":{"start":{"line":51,"column":0},"end":{"line":51,"column":66}},"51":{"start":{"line":52,"column":0},"end":{"line":52,"column":22}},"52":{"start":{"line":53,"column":0},"end":{"line":53,"column":15}},"53":{"start":{"line":54,"column":0},"end":{"line":54,"column":6}},"54":{"start":{"line":55,"column":0},"end":{"line":55,"column":4}},"60":{"start":{"line":61,"column":0},"end":{"line":61,"column":27}},"61":{"start":{"line":62,"column":0},"end":{"line":62,"column":68}},"62":{"start":{"line":63,"column":0},"end":{"line":63,"column":4}},"63":{"start":{"line":64,"column":0},"end":{"line":64,"column":2}},"65":{"start":{"line":66,"column":0},"end":{"line":66,"column":24}}},"s":{"0":1,"6":1,"10":1,"11":1,"12":1,"19":1,"20":1,"21":1,"22":1,"23":1,"29":1,"30":1,"31":1,"37":1,"38":1,"39":1,"40":1,"41":1,"42":1,"49":1,"50":1,"51":1,"52":1,"53":1,"54":1,"60":1,"61":1,"62":1,"63":1,"65":1},"branchMap":{"0":{"type":"branch","line":11,"loc":{"start":{"line":11,"column":10},"end":{"line":13,"column":4}},"locations":[{"start":{"line":11,"column":10},"end":{"line":13,"column":4}}]},"1":{"type":"branch","line":20,"loc":{"start":{"line":20,"column":18},"end":{"line":24,"column":4}},"locations":[{"start":{"line":20,"column":18},"end":{"line":24,"column":4}}]},"2":{"type":"branch","line":30,"loc":{"start":{"line":30,"column":11},"end":{"line":32,"column":4}},"locations":[{"start":{"line":30,"column":11},"end":{"line":32,"column":4}}]},"3":{"type":"branch","line":38,"loc":{"start":{"line":38,"column":10},"end":{"line":43,"column":4}},"locations":[{"start":{"line":38,"column":10},"end":{"line":43,"column":4}}]},"4":{"type":"branch","line":50,"loc":{"start":{"line":50,"column":10},"end":{"line":55,"column":4}},"locations":[{"start":{"line":50,"column":10},"end":{"line":55,"column":4}}]},"5":{"type":"branch","line":61,"loc":{"start":{"line":61,"column":10},"end":{"line":63,"column":4}},"locations":[{"start":{"line":61,"column":10},"end":{"line":63,"column":4}}]}},"b":{"0":[1],"1":[1],"2":[1],"3":[1],"4":[1],"5":[1]},"fnMap":{"0":{"name":"getAll","decl":{"start":{"line":11,"column":10},"end":{"line":13,"column":4}},"loc":{"start":{"line":11,"column":10},"end":{"line":13,"column":4}},"line":11},"1":{"name":"getByDateRange","decl":{"start":{"line":20,"column":18},"end":{"line":24,"column":4}},"loc":{"start":{"line":20,"column":18},"end":{"line":24,"column":4}},"line":20},"2":{"name":"getById","decl":{"start":{"line":30,"column":11},"end":{"line":32,"column":4}},"loc":{"start":{"line":30,"column":11},"end":{"line":32,"column":4}},"line":30},"3":{"name":"create","decl":{"start":{"line":38,"column":10},"end":{"line":43,"column":4}},"loc":{"start":{"line":38,"column":10},"end":{"line":43,"column":4}},"line":38},"4":{"name":"update","decl":{"start":{"line":50,"column":10},"end":{"line":55,"column":4}},"loc":{"start":{"line":50,"column":10},"end":{"line":55,"column":4}},"line":50},"5":{"name":"delete","decl":{"start":{"line":61,"column":10},"end":{"line":63,"column":4}},"loc":{"start":{"line":61,"column":10},"end":{"line":63,"column":4}},"line":61}},"f":{"0":1,"1":1,"2":1,"3":1,"4":1,"5":1}}
,"/Users/moonseer/Code/church-planner-v2/client/src/api/hooks/index.ts": {"path":"/Users/moonseer/Code/church-planner-v2/client/src/api/hooks/index.ts","all":false,"statementMap":{"0":{"start":{"line":1,"column":0},"end":{"line":1,"column":32}}},"s":{"0":1},"branchMap":{},"b":{},"fnMap":{},"f":{}}
,"/Users/moonseer/Code/church-planner-v2/client/src/api/hooks/useAuth.ts": {"path":"/Users/moonseer/Code/church-planner-v2/client/src/api/hooks/useAuth.ts","all":false,"statementMap":{"0":{"start":{"line":1,"column":0},"end":{"line":1,"column":57}},"1":{"start":{"line":2,"column":0},"end":{"line":2,"column":35}},"15":{"start":{"line":16,"column":0},"end":{"line":16,"column":35}},"16":{"start":{"line":17,"column":0},"end":{"line":17,"column":57}},"17":{"start":{"line":18,"column":0},"end":{"line":18,"column":15}},"18":{"start":{"line":19,"column":0},"end":{"line":19,"column":27}},"19":{"start":{"line":20,"column":0},"end":{"line":20,"column":20}},"20":{"start":{"line":21,"column":0},"end":{"line":21,"column":16}},"21":{"start":{"line":22,"column":0},"end":{"line":22,"column":5}},"26":{"start":{"line":27,"column":0},"end":{"line":27,"column":44}},"27":{"start":{"line":28,"column":0},"end":{"line":28,"column":48}},"29":{"start":{"line":30,"column":0},"end":{"line":30,"column":17}},"30":{"start":{"line":31,"column":0},"end":{"line":31,"column":20}},"31":{"start":{"line":32,"column":0},"end":{"line":32,"column":19}},"32":{"start":{"line":33,"column":0},"end":{"line":33,"column":31}},"33":{"start":{"line":34,"column":0},"end":{"line":34,"column":25}},"34":{"start":{"line":35,"column":0},"end":{"line":35,"column":20}},"35":{"start":{"line":36,"column":0},"end":{"line":36,"column":9}},"36":{"start":{"line":37,"column":0},"end":{"line":37,"column":13}},"37":{"start":{"line":38,"column":0},"end":{"line":38,"column":5}},"39":{"start":{"line":40,"column":0},"end":{"line":40,"column":72}},"41":{"start":{"line":42,"column":0},"end":{"line":42,"column":9}},"42":{"start":{"line":43,"column":0},"end":{"line":43,"column":54}},"43":{"start":{"line":44,"column":0},"end":{"line":44,"column":20}},"44":{"start":{"line":45,"column":0},"end":{"line":45,"column":33}},"45":{"start":{"line":46,"column":0},"end":{"line":46,"column":30}},"46":{"start":{"line":47,"column":0},"end":{"line":47,"column":25}},"47":{"start":{"line":48,"column":0},"end":{"line":48,"column":20}},"48":{"start":{"line":49,"column":0},"end":{"line":49,"column":9}},"49":{"start":{"line":50,"column":0},"end":{"line":50,"column":21}},"50":{"start":{"line":51,"column":0},"end":{"line":51,"column":54}},"51":{"start":{"line":52,"column":0},"end":{"line":52,"column":39}},"52":{"start":{"line":53,"column":0},"end":{"line":53,"column":20}},"53":{"start":{"line":54,"column":0},"end":{"line":54,"column":19}},"54":{"start":{"line":55,"column":0},"end":{"line":55,"column":31}},"55":{"start":{"line":56,"column":0},"end":{"line":56,"column":25}},"56":{"start":{"line":57,"column":0},"end":{"line":57,"column":45}},"57":{"start":{"line":58,"column":0},"end":{"line":58,"column":9}},"58":{"start":{"line":59,"column":0},"end":{"line":59,"column":5}},"59":{"start":{"line":60,"column":0},"end":{"line":60,"column":9}},"64":{"start":{"line":65,"column":0},"end":{"line":65,"column":19}},"65":{"start":{"line":66,"column":0},"end":{"line":66,"column":15}},"66":{"start":{"line":67,"column":0},"end":{"line":67,"column":17}},"71":{"start":{"line":72,"column":0},"end":{"line":72,"column":58}},"72":{"start":{"line":73,"column":0},"end":{"line":73,"column":72}},"74":{"start":{"line":75,"column":0},"end":{"line":75,"column":9}},"75":{"start":{"line":76,"column":0},"end":{"line":76,"column":56}},"76":{"start":{"line":77,"column":0},"end":{"line":77,"column":57}},"77":{"start":{"line":78,"column":0},"end":{"line":78,"column":20}},"78":{"start":{"line":79,"column":0},"end":{"line":79,"column":33}},"79":{"start":{"line":80,"column":0},"end":{"line":80,"column":30}},"80":{"start":{"line":81,"column":0},"end":{"line":81,"column":25}},"81":{"start":{"line":82,"column":0},"end":{"line":82,"column":20}},"82":{"start":{"line":83,"column":0},"end":{"line":83,"column":9}},"83":{"start":{"line":84,"column":0},"end":{"line":84,"column":27}},"84":{"start":{"line":85,"column":0},"end":{"line":85,"column":21}},"85":{"start":{"line":86,"column":0},"end":{"line":86,"column":54}},"86":{"start":{"line":87,"column":0},"end":{"line":87,"column":31}},"87":{"start":{"line":88,"column":0},"end":{"line":88,"column":16}},"88":{"start":{"line":89,"column":0},"end":{"line":89,"column":25}},"89":{"start":{"line":90,"column":0},"end":{"line":90,"column":45}},"90":{"start":{"line":91,"column":0},"end":{"line":91,"column":10}},"91":{"start":{"line":92,"column":0},"end":{"line":92,"column":18}},"92":{"start":{"line":93,"column":0},"end":{"line":93,"column":5}},"93":{"start":{"line":94,"column":0},"end":{"line":94,"column":4}},"98":{"start":{"line":99,"column":0},"end":{"line":99,"column":55}},"99":{"start":{"line":100,"column":0},"end":{"line":100,"column":72}},"101":{"start":{"line":102,"column":0},"end":{"line":102,"column":9}},"102":{"start":{"line":103,"column":0},"end":{"line":103,"column":56}},"103":{"start":{"line":104,"column":0},"end":{"line":104,"column":57}},"104":{"start":{"line":105,"column":0},"end":{"line":105,"column":20}},"105":{"start":{"line":106,"column":0},"end":{"line":106,"column":33}},"106":{"start":{"line":107,"column":0},"end":{"line":107,"column":30}},"107":{"start":{"line":108,"column":0},"end":{"line":108,"column":25}},"108":{"start":{"line":109,"column":0},"end":{"line":109,"column":20}},"109":{"start":{"line":110,"column":0},"end":{"line":110,"column":9}},"110":{"start":{"line":111,"column":0},"end":{"line":111,"column":27}},"111":{"start":{"line":112,"column":0},"end":{"line":112,"column":21}},"112":{"start":{"line":113,"column":0},"end":{"line":113,"column":54}},"113":{"start":{"line":114,"column":0},"end":{"line":114,"column":31}},"114":{"start":{"line":115,"column":0},"end":{"line":115,"column":16}},"115":{"start":{"line":116,"column":0},"end":{"line":116,"column":25}},"116":{"start":{"line":117,"column":0},"end":{"line":117,"column":45}},"117":{"start":{"line":118,"column":0},"end":{"line":118,"column":10}},"118":{"start":{"line":119,"column":0},"end":{"line":119,"column":18}},"119":{"start":{"line":120,"column":0},"end":{"line":120,"column":5}},"120":{"start":{"line":121,"column":0},"end":{"line":121,"column":4}},"125":{"start":{"line":126,"column":0},"end":{"line":126,"column":24}},"126":{"start":{"line":127,"column":0},"end":{"line":127,"column":37}},"127":{"start":{"line":128,"column":0},"end":{"line":128,"column":18}},"128":{"start":{"line":129,"column":0},"end":{"line":129,"column":17}},"129":{"start":{"line":130,"column":0},"end":{"line":130,"column":29}},"130":{"start":{"line":131,"column":0},"end":{"line":131,"column":23}},"131":{"start":{"line":132,"column":0},"end":{"line":132,"column":18}},"132":{"start":{"line":133,"column":0},"end":{"line":133,"column":7}},"133":{"start":{"line":134,"column":0},"end":{"line":134,"column":4}},"135":{"start":{"line":136,"column":0},"end":{"line":136,"column":10}},"136":{"start":{"line":137,"column":0},"end":{"line":137,"column":17}},"137":{"start":{"line":138,"column":0},"end":{"line":138,"column":13}},"138":{"start":{"line":139,"column":0},"end":{"line":139,"column":10}},"139":{"start":{"line":140,"column":0},"end":{"line":140,"column":11}},"140":{"start":{"line":141,"column":0},"end":{"line":141,"column":13}},"141":{"start":{"line":142,"column":0},"end":{"line":142,"column":4}},"142":{"start":{"line":143,"column":0},"end":{"line":143,"column":1}}},"s":{"0":1,"1":1,"15":22,"16":22,"17":22,"18":22,"19":22,"20":22,"21":22,"26":22,"27":8,"29":8,"30":5,"31":5,"32":5,"33":5,"34":5,"35":5,"36":5,"37":5,"39":3,"41":3,"42":3,"43":2,"44":2,"45":2,"46":2,"47":2,"48":2,"49":8,"50":1,"51":1,"52":1,"53":1,"54":1,"55":1,"56":1,"57":1,"58":1,"59":22,"64":22,"65":8,"66":22,"71":22,"72":2,"74":2,"75":2,"76":1,"77":1,"78":1,"79":1,"80":1,"81":1,"82":1,"83":1,"84":1,"85":1,"86":1,"87":0,"88":0,"89":0,"90":1,"91":1,"92":1,"93":2,"98":22,"99":2,"101":2,"102":2,"103":1,"104":1,"105":1,"106":1,"107":1,"108":1,"109":1,"110":1,"111":1,"112":1,"113":1,"114":0,"115":0,"116":0,"117":1,"118":1,"119":1,"120":2,"125":22,"126":1,"127":1,"128":1,"129":1,"130":1,"131":1,"132":1,"133":1,"135":22,"136":22,"137":22,"138":22,"139":22,"140":22,"141":22,"142":22},"branchMap":{"0":{"type":"branch","line":16,"loc":{"start":{"line":16,"column":0},"end":{"line":143,"column":1}},"locations":[{"start":{"line":16,"column":0},"end":{"line":143,"column":1}}]},"1":{"type":"branch","line":27,"loc":{"start":{"line":27,"column":31},"end":{"line":60,"column":5}},"locations":[{"start":{"line":27,"column":31},"end":{"line":60,"column":5}}]},"2":{"type":"branch","line":30,"loc":{"start":{"line":30,"column":16},"end":{"line":38,"column":5}},"locations":[{"start":{"line":30,"column":16},"end":{"line":38,"column":5}}]},"3":{"type":"branch","line":38,"loc":{"start":{"line":38,"column":4},"end":{"line":43,"column":54}},"locations":[{"start":{"line":38,"column":4},"end":{"line":43,"column":54}}]},"4":{"type":"branch","line":43,"loc":{"start":{"line":43,"column":52},"end":{"line":50,"column":13}},"locations":[{"start":{"line":43,"column":52},"end":{"line":50,"column":13}}]},"5":{"type":"branch","line":50,"loc":{"start":{"line":50,"column":4},"end":{"line":59,"column":5}},"locations":[{"start":{"line":50,"column":4},"end":{"line":59,"column":5}}]},"6":{"type":"branch","line":40,"loc":{"start":{"line":40,"column":17},"end":{"line":40,"column":70}},"locations":[{"start":{"line":40,"column":17},"end":{"line":40,"column":70}}]},"7":{"type":"branch","line":65,"loc":{"start":{"line":65,"column":12},"end":{"line":67,"column":5}},"locations":[{"start":{"line":65,"column":12},"end":{"line":67,"column":5}}]},"8":{"type":"branch","line":72,"loc":{"start":{"line":72,"column":19},"end":{"line":94,"column":4}},"locations":[{"start":{"line":72,"column":19},"end":{"line":94,"column":4}}]},"9":{"type":"branch","line":76,"loc":{"start":{"line":76,"column":54},"end":{"line":93,"column":5}},"locations":[{"start":{"line":76,"column":54},"end":{"line":93,"column":5}}]},"10":{"type":"branch","line":73,"loc":{"start":{"line":73,"column":17},"end":{"line":73,"column":70}},"locations":[{"start":{"line":73,"column":17},"end":{"line":73,"column":70}}]},"11":{"type":"branch","line":99,"loc":{"start":{"line":99,"column":16},"end":{"line":121,"column":4}},"locations":[{"start":{"line":99,"column":16},"end":{"line":121,"column":4}}]},"12":{"type":"branch","line":103,"loc":{"start":{"line":103,"column":54},"end":{"line":120,"column":5}},"locations":[{"start":{"line":103,"column":54},"end":{"line":120,"column":5}}]},"13":{"type":"branch","line":100,"loc":{"start":{"line":100,"column":17},"end":{"line":100,"column":70}},"locations":[{"start":{"line":100,"column":17},"end":{"line":100,"column":70}}]},"14":{"type":"branch","line":126,"loc":{"start":{"line":126,"column":17},"end":{"line":134,"column":4}},"locations":[{"start":{"line":126,"column":17},"end":{"line":134,"column":4}}]}},"b":{"0":[22],"1":[8],"2":[5],"3":[3],"4":[2],"5":[1],"6":[3],"7":[8],"8":[2],"9":[1],"10":[1],"11":[2],"12":[1],"13":[1],"14":[1]},"fnMap":{"0":{"name":"useAuth","decl":{"start":{"line":16,"column":0},"end":{"line":143,"column":1}},"loc":{"start":{"line":16,"column":0},"end":{"line":143,"column":1}},"line":16},"1":{"name":"register","decl":{"start":{"line":72,"column":19},"end":{"line":94,"column":4}},"loc":{"start":{"line":72,"column":19},"end":{"line":94,"column":4}},"line":72},"2":{"name":"login","decl":{"start":{"line":99,"column":16},"end":{"line":121,"column":4}},"loc":{"start":{"line":99,"column":16},"end":{"line":121,"column":4}},"line":99},"3":{"name":"logout","decl":{"start":{"line":126,"column":17},"end":{"line":134,"column":4}},"loc":{"start":{"line":126,"column":17},"end":{"line":134,"column":4}},"line":126}},"f":{"0":22,"1":2,"2":2,"3":1}}
,"/Users/moonseer/Code/church-planner-v2/client/src/utils/monitoring.ts": {"path":"/Users/moonseer/Code/church-planner-v2/client/src/utils/monitoring.ts","all":false,"statementMap":{"0":{"start":{"line":1,"column":0},"end":{"line":1,"column":34}},"19":{"start":{"line":20,"column":0},"end":{"line":20,"column":50}},"20":{"start":{"line":21,"column":0},"end":{"line":21,"column":19}},"22":{"start":{"line":23,"column":0},"end":{"line":23,"column":46}},"25":{"start":{"line":26,"column":0},"end":{"line":26,"column":64}},"26":{"start":{"line":27,"column":0},"end":{"line":27,"column":45}},"27":{"start":{"line":28,"column":0},"end":{"line":28,"column":52}},"28":{"start":{"line":29,"column":0},"end":{"line":29,"column":38}},"29":{"start":{"line":30,"column":0},"end":{"line":30,"column":52}},"30":{"start":{"line":31,"column":0},"end":{"line":31,"column":7}},"33":{"start":{"line":34,"column":0},"end":{"line":34,"column":64}},"34":{"start":{"line":35,"column":0},"end":{"line":35,"column":45}},"35":{"start":{"line":36,"column":0},"end":{"line":36,"column":55}},"36":{"start":{"line":37,"column":0},"end":{"line":37,"column":68}},"37":{"start":{"line":38,"column":0},"end":{"line":38,"column":45}},"38":{"start":{"line":39,"column":0},"end":{"line":39,"column":7}},"41":{"start":{"line":42,"column":0},"end":{"line":42,"column":9}},"42":{"start":{"line":43,"column":0},"end":{"line":43,"column":80}},"43":{"start":{"line":44,"column":0},"end":{"line":44,"column":67}},"44":{"start":{"line":45,"column":0},"end":{"line":45,"column":17}},"45":{"start":{"line":46,"column":0},"end":{"line":46,"column":61}},"46":{"start":{"line":47,"column":0},"end":{"line":47,"column":5}},"49":{"start":{"line":50,"column":0},"end":{"line":50,"column":43}},"51":{"start":{"line":52,"column":0},"end":{"line":52,"column":31}},"52":{"start":{"line":53,"column":0},"end":{"line":53,"column":111}},"53":{"start":{"line":54,"column":0},"end":{"line":54,"column":32}},"54":{"start":{"line":55,"column":0},"end":{"line":55,"column":92}},"55":{"start":{"line":56,"column":0},"end":{"line":56,"column":108}},"58":{"start":{"line":59,"column":0},"end":{"line":59,"column":55}},"59":{"start":{"line":60,"column":0},"end":{"line":60,"column":63}},"60":{"start":{"line":61,"column":0},"end":{"line":61,"column":9}},"61":{"start":{"line":62,"column":0},"end":{"line":62,"column":7}},"62":{"start":{"line":63,"column":0},"end":{"line":63,"column":7}},"65":{"start":{"line":66,"column":0},"end":{"line":66,"column":18}},"66":{"start":{"line":67,"column":0},"end":{"line":67,"column":11}},"67":{"start":{"line":68,"column":0},"end":{"line":68,"column":33}},"68":{"start":{"line":69,"column":0},"end":{"line":69,"column":33}},"69":{"start":{"line":70,"column":0},"end":{"line":70,"column":19}},"70":{"start":{"line":71,"column":0},"end":{"line":71,"column":58}},"71":{"start":{"line":72,"column":0},"end":{"line":72,"column":7}},"72":{"start":{"line":73,"column":0},"end":{"line":73,"column":6}},"73":{"start":{"line":74,"column":0},"end":{"line":74,"column":9}},"74":{"start":{"line":75,"column":0},"end":{"line":75,"column":1}},"79":{"start":{"line":80,"column":0},"end":{"line":80,"column":58}},"80":{"start":{"line":81,"column":0},"end":{"line":81,"column":7}},"82":{"start":{"line":83,"column":0},"end":{"line":83,"column":49}},"83":{"start":{"line":84,"column":0},"end":{"line":84,"column":48}},"84":{"start":{"line":85,"column":0},"end":{"line":85,"column":13}},"85":{"start":{"line":86,"column":0},"end":{"line":86,"column":5}},"88":{"start":{"line":89,"column":0},"end":{"line":89,"column":21}},"89":{"start":{"line":90,"column":0},"end":{"line":90,"column":11}},"90":{"start":{"line":91,"column":0},"end":{"line":91,"column":12}},"91":{"start":{"line":92,"column":0},"end":{"line":92,"column":28}},"92":{"start":{"line":93,"column":0},"end":{"line":93,"column":36}},"93":{"start":{"line":94,"column":0},"end":{"line":94,"column":6}},"96":{"start":{"line":97,"column":0},"end":{"line":97,"column":31}},"97":{"start":{"line":98,"column":0},"end":{"line":98,"column":75}},"98":{"start":{"line":99,"column":0},"end":{"line":99,"column":12}},"100":{"start":{"line":101,"column":0},"end":{"line":101,"column":36}},"101":{"start":{"line":102,"column":0},"end":{"line":102,"column":23}},"102":{"start":{"line":103,"column":0},"end":{"line":103,"column":18}},"103":{"start":{"line":104,"column":0},"end":{"line":104,"column":45}},"104":{"start":{"line":105,"column":0},"end":{"line":105,"column":10}},"105":{"start":{"line":106,"column":0},"end":{"line":106,"column":38}},"106":{"start":{"line":107,"column":0},"end":{"line":107,"column":24}},"107":{"start":{"line":108,"column":0},"end":{"line":108,"column":62}},"108":{"start":{"line":109,"column":0},"end":{"line":109,"column":5}},"109":{"start":{"line":110,"column":0},"end":{"line":110,"column":15}},"110":{"start":{"line":111,"column":0},"end":{"line":111,"column":47}},"111":{"start":{"line":112,"column":0},"end":{"line":112,"column":3}},"112":{"start":{"line":113,"column":0},"end":{"line":113,"column":1}}},"s":{"0":1,"19":1,"20":9,"22":9,"25":9,"26":2,"27":2,"28":2,"29":2,"30":9,"33":9,"34":2,"35":2,"36":2,"37":2,"38":9,"41":9,"42":9,"43":9,"44":9,"45":0,"46":0,"49":8,"51":1,"52":1,"53":1,"54":1,"55":1,"58":1,"59":1,"60":1,"61":1,"62":8,"65":8,"66":2,"67":2,"68":2,"69":2,"70":1,"71":1,"72":2,"73":9,"74":9,"79":6,"80":6,"82":6,"83":2,"84":2,"85":2,"88":4,"89":4,"90":4,"91":4,"92":4,"93":4,"96":6,"97":1,"98":6,"100":2,"101":2,"102":2,"103":2,"104":2,"105":2,"106":2,"107":2,"108":2,"109":6,"110":2,"111":2,"112":6},"branchMap":{"0":{"type":"branch","line":20,"loc":{"start":{"line":20,"column":7},"end":{"line":75,"column":1}},"locations":[{"start":{"line":20,"column":7},"end":{"line":75,"column":1}}]},"1":{"type":"branch","line":21,"loc":{"start":{"line":21,"column":12},"end":{"line":74,"column":5}},"locations":[{"start":{"line":21,"column":12},"end":{"line":74,"column":5}}]},"2":{"type":"branch","line":23,"loc":{"start":{"line":23,"column":39},"end":{"line":23,"column":46}},"locations":[{"start":{"line":23,"column":39},"end":{"line":23,"column":46}}]},"3":{"type":"branch","line":45,"loc":{"start":{"line":45,"column":4},"end":{"line":47,"column":5}},"locations":[{"start":{"line":45,"column":4},"end":{"line":47,"column":5}}]},"4":{"type":"branch","line":47,"loc":{"start":{"line":47,"column":4},"end":{"line":73,"column":6}},"locations":[{"start":{"line":47,"column":4},"end":{"line":73,"column":6}}]},"5":{"type":"branch","line":26,"loc":{"start":{"line":26,"column":48},"end":{"line":31,"column":5}},"locations":[{"start":{"line":26,"column":48},"end":{"line":31,"column":5}}]},"6":{"type":"branch","line":34,"loc":{"start":{"line":34,"column":48},"end":{"line":39,"column":5}},"locations":[{"start":{"line":34,"column":48},"end":{"line":39,"column":5}}]},"7":{"type":"branch","line":50,"loc":{"start":{"line":50,"column":36},"end":{"line":63,"column":5}},"locations":[{"start":{"line":50,"column":36},"end":{"line":63,"column":5}}]},"8":{"type":"branch","line":66,"loc":{"start":{"line":66,"column":11},"end":{"line":73,"column":6}},"locations":[{"start":{"line":66,"column":11},"end":{"line":73,"column":6}}]},"9":{"type":"branch","line":70,"loc":{"start":{"line":70,"column":6},"end":{"line":72,"column":7}},"locations":[{"start":{"line":70,"column":6},"end":{"line":72,"column":7}}]},"10":{"type":"branch","line":80,"loc":{"start":{"line":80,"column":0},"end":{"line":113,"column":1}},"locations":[{"start":{"line":80,"column":0},"end":{"line":113,"column":1}}]},"11":{"type":"branch","line":83,"loc":{"start":{"line":83,"column":48},"end":{"line":86,"column":5}},"locations":[{"start":{"line":83,"column":48},"end":{"line":86,"column":5}}]},"12":{"type":"branch","line":86,"loc":{"start":{"line":86,"column":4},"end":{"line":97,"column":30}},"locations":[{"start":{"line":86,"column":4},"end":{"line":97,"column":30}}]},"13":{"type":"branch","line":97,"loc":{"start":{"line":97,"column":30},"end":{"line":99,"column":11}},"locations":[{"start":{"line":97,"column":30},"end":{"line":99,"column":11}}]},"14":{"type":"branch","line":99,"loc":{"start":{"line":99,"column":4},"end":{"line":109,"column":5}},"locations":[{"start":{"line":99,"column":4},"end":{"line":109,"column":5}}]},"15":{"type":"branch","line":110,"loc":{"start":{"line":110,"column":2},"end":{"line":112,"column":3}},"locations":[{"start":{"line":110,"column":2},"end":{"line":112,"column":3}}]},"16":{"type":"branch","line":108,"loc":{"start":{"line":108,"column":15},"end":{"line":108,"column":60}},"locations":[{"start":{"line":108,"column":15},"end":{"line":108,"column":60}}]}},"b":{"0":[9],"1":[9],"2":[0],"3":[0],"4":[8],"5":[2],"6":[2],"7":[1],"8":[2],"9":[1],"10":[6],"11":[2],"12":[4],"13":[1],"14":[2],"15":[2],"16":[1]},"fnMap":{"0":{"name":"usePerformanceMonitoring","decl":{"start":{"line":20,"column":7},"end":{"line":75,"column":1}},"loc":{"start":{"line":20,"column":7},"end":{"line":75,"column":1}},"line":20},"1":{"name":"reportMetric","decl":{"start":{"line":80,"column":0},"end":{"line":113,"column":1}},"loc":{"start":{"line":80,"column":0},"end":{"line":113,"column":1}},"line":80}},"f":{"0":9,"1":6}}
}
